<?xml version="1.0" encoding="UTF-8"?>
<!-- Generated by org.testng.reporters.JUnitXMLReporter -->
<testsuite ignored="0" hostname="DESKTOP-92Q7V60" failures="1" tests="2" name="Test" time="0.083" errors="0" timestamp="2023-07-26T09:57:34 IST">
  <testcase classname="test.cases.TestClass" name="failTestCase" time="0.023">
    <failure type="java.lang.AssertionError" message="expected [true] but found [false]">
      <![CDATA[java.lang.AssertionError: expected [true] but found [false]
at test.cases.TestClass.failTestCase(TestClass.java:14)
at java.base/java.util.ArrayList.forEach(ArrayList.java:1511)
... Removed 34 stack frames]]>
    </failure>
  </testcase> <!-- failTestCase -->
  <testcase classname="test.cases.TestClass" name="passTestCase" time="0.0"/>
</testsuite> <!-- Test -->
